<?xml version="1.0" encoding="UTF-8"?>
<testsuite name="com.example.web.springboot.web.dto.HelloResponseDtoTest" tests="1" skipped="0" failures="0" errors="0" timestamp="2021-05-07T06:44:32" hostname="DESKTOP-I28VA42" time="0.003">
  <properties/>
  <testcase name="testLombok()" classname="com.example.web.springboot.web.dto.HelloResponseDtoTest" time="0.003"/>
  <system-out><![CDATA[]]></system-out>
  <system-err><![CDATA[]]></system-err>
</testsuite>
