<?xml version="1.0" encoding="UTF-8"?>
<testsuite name="com.example.web.springboot.web.ProfileControllerUnitTest" tests="3" skipped="0" failures="0" errors="0" timestamp="2021-05-07T06:44:34" hostname="DESKTOP-I28VA42" time="0.006">
  <properties/>
  <testcase name="read_Realprofile()" classname="com.example.web.springboot.web.ProfileControllerUnitTest" time="0.003"/>
  <testcase name="active_profile이_없으면_default가_조회된다()" classname="com.example.web.springboot.web.ProfileControllerUnitTest" time="0.001"/>
  <testcase name="real_profile이_없으면_첫번째가_조회된다()" classname="com.example.web.springboot.web.ProfileControllerUnitTest" time="0.001"/>
  <system-out><![CDATA[]]></system-out>
  <system-err><![CDATA[]]></system-err>
</testsuite>
