<?xml version="1.0" encoding="UTF-8"?>
<testsuite name="com.example.web.springboot.web.ProfileControllerTest" tests="1" skipped="0" failures="0" errors="0" timestamp="2021-05-07T06:44:34" hostname="DESKTOP-I28VA42" time="0.021">
  <properties/>
  <testcase name="profile은_인증없이_호출된다()" classname="com.example.web.springboot.web.ProfileControllerTest" time="0.021"/>
  <system-out><![CDATA[2021-05-07 15:44:34.709  INFO 18004 --- [    Test worker] .b.t.c.SpringBootTestContextBootstrapper : Neither @ContextConfiguration nor @ContextHierarchy found for test class [com.example.web.springboot.web.ProfileControllerTest], using SpringBootContextLoader
2021-05-07 15:44:34.711  INFO 18004 --- [    Test worker] o.s.t.c.support.AbstractContextLoader    : Could not detect default resource locations for test class [com.example.web.springboot.web.ProfileControllerTest]: no resource found for suffixes {-context.xml, Context.groovy}.
2021-05-07 15:44:34.712  INFO 18004 --- [    Test worker] t.c.s.AnnotationConfigContextLoaderUtils : Could not detect default configuration classes for test class [com.example.web.springboot.web.ProfileControllerTest]: ProfileControllerTest does not declare any static, non-private, non-final, nested classes annotated with @Configuration.
2021-05-07 15:44:34.715  INFO 18004 --- [    Test worker] .b.t.c.SpringBootTestContextBootstrapper : Found @SpringBootConfiguration com.example.web.springboot.Application for test class com.example.web.springboot.web.ProfileControllerTest
2021-05-07 15:44:34.717  INFO 18004 --- [    Test worker] .b.t.c.SpringBootTestContextBootstrapper : Loaded default TestExecutionListener class names from location [META-INF/spring.factories]: [org.springframework.security.test.context.support.WithSecurityContextTestExecutionListener, org.springframework.security.test.context.support.ReactorContextTestExecutionListener, org.springframework.boot.test.autoconfigure.restdocs.RestDocsTestExecutionListener, org.springframework.boot.test.autoconfigure.web.client.MockRestServiceServerResetTestExecutionListener, org.springframework.boot.test.autoconfigure.web.servlet.MockMvcPrintOnlyOnFailureTestExecutionListener, org.springframework.boot.test.autoconfigure.web.servlet.WebDriverTestExecutionListener, org.springframework.boot.test.autoconfigure.webservices.client.MockWebServiceServerTestExecutionListener, org.springframework.boot.test.mock.mockito.MockitoTestExecutionListener, org.springframework.boot.test.mock.mockito.ResetMocksTestExecutionListener, org.springframework.test.context.web.ServletTestExecutionListener, org.springframework.test.context.support.DirtiesContextBeforeModesTestExecutionListener, org.springframework.test.context.support.DependencyInjectionTestExecutionListener, org.springframework.test.context.support.DirtiesContextTestExecutionListener, org.springframework.test.context.transaction.TransactionalTestExecutionListener, org.springframework.test.context.jdbc.SqlScriptsTestExecutionListener, org.springframework.test.context.event.EventPublishingTestExecutionListener]
2021-05-07 15:44:34.718  INFO 18004 --- [    Test worker] .b.t.c.SpringBootTestContextBootstrapper : Using TestExecutionListeners: [org.springframework.test.context.web.ServletTestExecutionListener@6ce77574, org.springframework.test.context.support.DirtiesContextBeforeModesTestExecutionListener@6592d3cf, org.springframework.boot.test.mock.mockito.MockitoTestExecutionListener@37803e0e, org.springframework.boot.test.autoconfigure.SpringBootDependencyInjectionTestExecutionListener@2f4d059, org.springframework.test.context.support.DirtiesContextTestExecutionListener@556f59a6, org.springframework.test.context.transaction.TransactionalTestExecutionListener@2690f46f, org.springframework.test.context.jdbc.SqlScriptsTestExecutionListener@10d6defd, org.springframework.security.test.context.support.WithSecurityContextTestExecutionListener@3484a2a6, org.springframework.test.context.event.EventPublishingTestExecutionListener@1b097ff9, org.springframework.security.test.context.support.ReactorContextTestExecutionListener@3a1bd37b, org.springframework.boot.test.autoconfigure.restdocs.RestDocsTestExecutionListener@1c1cd3f3, org.springframework.boot.test.autoconfigure.web.client.MockRestServiceServerResetTestExecutionListener@d1cc344, org.springframework.boot.test.autoconfigure.web.servlet.MockMvcPrintOnlyOnFailureTestExecutionListener@5d3a83a9, org.springframework.boot.test.autoconfigure.web.servlet.WebDriverTestExecutionListener@39de137e, org.springframework.boot.test.autoconfigure.webservices.client.MockWebServiceServerTestExecutionListener@4327ccfd, org.springframework.boot.test.mock.mockito.ResetMocksTestExecutionListener@28ca313e]
]]></system-out>
  <system-err><![CDATA[]]></system-err>
</testsuite>
