<?xml version="1.0" encoding="UTF-8"?>
<testsuite name="com.example.web.springboot.web.PostsApiControllerTest" tests="2" skipped="0" failures="0" errors="0" timestamp="2021-05-07T06:44:34" hostname="DESKTOP-I28VA42" time="0.117">
  <properties/>
  <testcase name="registerPosts()" classname="com.example.web.springboot.web.PostsApiControllerTest" time="0.078"/>
  <testcase name="updatePosts()" classname="com.example.web.springboot.web.PostsApiControllerTest" time="0.038"/>
  <system-out><![CDATA[2021-05-07 15:44:34.575  INFO 18004 --- [    Test worker] .b.t.c.SpringBootTestContextBootstrapper : Neither @ContextConfiguration nor @ContextHierarchy found for test class [com.example.web.springboot.web.PostsApiControllerTest], using SpringBootContextLoader
2021-05-07 15:44:34.577  INFO 18004 --- [    Test worker] o.s.t.c.support.AbstractContextLoader    : Could not detect default resource locations for test class [com.example.web.springboot.web.PostsApiControllerTest]: no resource found for suffixes {-context.xml, Context.groovy}.
2021-05-07 15:44:34.577  INFO 18004 --- [    Test worker] t.c.s.AnnotationConfigContextLoaderUtils : Could not detect default configuration classes for test class [com.example.web.springboot.web.PostsApiControllerTest]: PostsApiControllerTest does not declare any static, non-private, non-final, nested classes annotated with @Configuration.
2021-05-07 15:44:34.580  INFO 18004 --- [    Test worker] .b.t.c.SpringBootTestContextBootstrapper : Found @SpringBootConfiguration com.example.web.springboot.Application for test class com.example.web.springboot.web.PostsApiControllerTest
2021-05-07 15:44:34.583  INFO 18004 --- [    Test worker] .b.t.c.SpringBootTestContextBootstrapper : Loaded default TestExecutionListener class names from location [META-INF/spring.factories]: [org.springframework.security.test.context.support.WithSecurityContextTestExecutionListener, org.springframework.security.test.context.support.ReactorContextTestExecutionListener, org.springframework.boot.test.autoconfigure.restdocs.RestDocsTestExecutionListener, org.springframework.boot.test.autoconfigure.web.client.MockRestServiceServerResetTestExecutionListener, org.springframework.boot.test.autoconfigure.web.servlet.MockMvcPrintOnlyOnFailureTestExecutionListener, org.springframework.boot.test.autoconfigure.web.servlet.WebDriverTestExecutionListener, org.springframework.boot.test.autoconfigure.webservices.client.MockWebServiceServerTestExecutionListener, org.springframework.boot.test.mock.mockito.MockitoTestExecutionListener, org.springframework.boot.test.mock.mockito.ResetMocksTestExecutionListener, org.springframework.test.context.web.ServletTestExecutionListener, org.springframework.test.context.support.DirtiesContextBeforeModesTestExecutionListener, org.springframework.test.context.support.DependencyInjectionTestExecutionListener, org.springframework.test.context.support.DirtiesContextTestExecutionListener, org.springframework.test.context.transaction.TransactionalTestExecutionListener, org.springframework.test.context.jdbc.SqlScriptsTestExecutionListener, org.springframework.test.context.event.EventPublishingTestExecutionListener]
2021-05-07 15:44:34.584  INFO 18004 --- [    Test worker] .b.t.c.SpringBootTestContextBootstrapper : Using TestExecutionListeners: [org.springframework.test.context.web.ServletTestExecutionListener@3add0f26, org.springframework.test.context.support.DirtiesContextBeforeModesTestExecutionListener@2e006b7e, org.springframework.boot.test.mock.mockito.MockitoTestExecutionListener@775a61c5, org.springframework.boot.test.autoconfigure.SpringBootDependencyInjectionTestExecutionListener@374c7242, org.springframework.test.context.support.DirtiesContextTestExecutionListener@65baffb2, org.springframework.test.context.transaction.TransactionalTestExecutionListener@48cc23e0, org.springframework.test.context.jdbc.SqlScriptsTestExecutionListener@6cbc2775, org.springframework.security.test.context.support.WithSecurityContextTestExecutionListener@38b686c2, org.springframework.test.context.event.EventPublishingTestExecutionListener@ac3a909, org.springframework.security.test.context.support.ReactorContextTestExecutionListener@23b95892, org.springframework.boot.test.autoconfigure.restdocs.RestDocsTestExecutionListener@2e33441f, org.springframework.boot.test.autoconfigure.web.client.MockRestServiceServerResetTestExecutionListener@223f478d, org.springframework.boot.test.autoconfigure.web.servlet.MockMvcPrintOnlyOnFailureTestExecutionListener@35a32922, org.springframework.boot.test.autoconfigure.web.servlet.WebDriverTestExecutionListener@5cb79acc, org.springframework.boot.test.autoconfigure.webservices.client.MockWebServiceServerTestExecutionListener@68903ef9, org.springframework.boot.test.mock.mockito.ResetMocksTestExecutionListener@304b1f49]
2021-05-07 15:44:34.597  INFO 18004 --- [    Test worker] o.a.c.c.C.[Tomcat].[localhost].[/]       : Initializing Spring TestDispatcherServlet ''
2021-05-07 15:44:34.597  INFO 18004 --- [    Test worker] o.s.t.web.servlet.TestDispatcherServlet  : Initializing Servlet ''
2021-05-07 15:44:34.598  INFO 18004 --- [    Test worker] o.s.t.web.servlet.TestDispatcherServlet  : Completed initialization in 1 ms
Hibernate: insert into posts (created_date, modified_date, author, content, title) values (?, ?, ?, ?, ?)
Hibernate: select posts0_.id as id1_0_, posts0_.created_date as created_2_0_, posts0_.modified_date as modified3_0_, posts0_.author as author4_0_, posts0_.content as content5_0_, posts0_.title as title6_0_ from posts posts0_
Hibernate: select posts0_.id as id1_0_, posts0_.created_date as created_2_0_, posts0_.modified_date as modified3_0_, posts0_.author as author4_0_, posts0_.content as content5_0_, posts0_.title as title6_0_ from posts posts0_
Hibernate: delete from posts where id=?
2021-05-07 15:44:34.672  INFO 18004 --- [    Test worker] o.a.c.c.C.[Tomcat].[localhost].[/]       : Initializing Spring TestDispatcherServlet ''
2021-05-07 15:44:34.673  INFO 18004 --- [    Test worker] o.s.t.web.servlet.TestDispatcherServlet  : Initializing Servlet ''
2021-05-07 15:44:34.674  INFO 18004 --- [    Test worker] o.s.t.web.servlet.TestDispatcherServlet  : Completed initialization in 1 ms
Hibernate: insert into posts (created_date, modified_date, author, content, title) values (?, ?, ?, ?, ?)
Hibernate: select posts0_.id as id1_0_0_, posts0_.created_date as created_2_0_0_, posts0_.modified_date as modified3_0_0_, posts0_.author as author4_0_0_, posts0_.content as content5_0_0_, posts0_.title as title6_0_0_ from posts posts0_ where posts0_.id=?
Hibernate: update posts set created_date=?, modified_date=?, author=?, content=?, title=? where id=?
Hibernate: select posts0_.id as id1_0_, posts0_.created_date as created_2_0_, posts0_.modified_date as modified3_0_, posts0_.author as author4_0_, posts0_.content as content5_0_, posts0_.title as title6_0_ from posts posts0_
Hibernate: select posts0_.id as id1_0_, posts0_.created_date as created_2_0_, posts0_.modified_date as modified3_0_, posts0_.author as author4_0_, posts0_.content as content5_0_, posts0_.title as title6_0_ from posts posts0_
Hibernate: delete from posts where id=?
]]></system-out>
  <system-err><![CDATA[]]></system-err>
</testsuite>
