<?xml version="1.0" encoding="UTF-8"?>
<testsuite name="com.example.web.springboot.web.IndexControllerTest" tests="1" skipped="0" failures="0" errors="0" timestamp="2021-05-07T06:44:34" hostname="DESKTOP-I28VA42" time="0.186">
  <properties/>
  <testcase name="loadMainPage()" classname="com.example.web.springboot.web.IndexControllerTest" time="0.186"/>
  <system-out><![CDATA[2021-05-07 15:44:32.290  INFO 18004 --- [    Test worker] .b.t.c.SpringBootTestContextBootstrapper : Neither @ContextConfiguration nor @ContextHierarchy found for test class [com.example.web.springboot.web.IndexControllerTest], using SpringBootContextLoader
2021-05-07 15:44:32.291  INFO 18004 --- [    Test worker] o.s.t.c.support.AbstractContextLoader    : Could not detect default resource locations for test class [com.example.web.springboot.web.IndexControllerTest]: no resource found for suffixes {-context.xml, Context.groovy}.
2021-05-07 15:44:32.292  INFO 18004 --- [    Test worker] t.c.s.AnnotationConfigContextLoaderUtils : Could not detect default configuration classes for test class [com.example.web.springboot.web.IndexControllerTest]: IndexControllerTest does not declare any static, non-private, non-final, nested classes annotated with @Configuration.
2021-05-07 15:44:32.294  INFO 18004 --- [    Test worker] .b.t.c.SpringBootTestContextBootstrapper : Found @SpringBootConfiguration com.example.web.springboot.Application for test class com.example.web.springboot.web.IndexControllerTest
2021-05-07 15:44:32.295  INFO 18004 --- [    Test worker] .b.t.c.SpringBootTestContextBootstrapper : Loaded default TestExecutionListener class names from location [META-INF/spring.factories]: [org.springframework.security.test.context.support.WithSecurityContextTestExecutionListener, org.springframework.security.test.context.support.ReactorContextTestExecutionListener, org.springframework.boot.test.autoconfigure.restdocs.RestDocsTestExecutionListener, org.springframework.boot.test.autoconfigure.web.client.MockRestServiceServerResetTestExecutionListener, org.springframework.boot.test.autoconfigure.web.servlet.MockMvcPrintOnlyOnFailureTestExecutionListener, org.springframework.boot.test.autoconfigure.web.servlet.WebDriverTestExecutionListener, org.springframework.boot.test.autoconfigure.webservices.client.MockWebServiceServerTestExecutionListener, org.springframework.boot.test.mock.mockito.MockitoTestExecutionListener, org.springframework.boot.test.mock.mockito.ResetMocksTestExecutionListener, org.springframework.test.context.web.ServletTestExecutionListener, org.springframework.test.context.support.DirtiesContextBeforeModesTestExecutionListener, org.springframework.test.context.support.DependencyInjectionTestExecutionListener, org.springframework.test.context.support.DirtiesContextTestExecutionListener, org.springframework.test.context.transaction.TransactionalTestExecutionListener, org.springframework.test.context.jdbc.SqlScriptsTestExecutionListener, org.springframework.test.context.event.EventPublishingTestExecutionListener]
2021-05-07 15:44:32.296  INFO 18004 --- [    Test worker] .b.t.c.SpringBootTestContextBootstrapper : Using TestExecutionListeners: [org.springframework.test.context.web.ServletTestExecutionListener@5741a066, org.springframework.test.context.support.DirtiesContextBeforeModesTestExecutionListener@3835d6dd, org.springframework.boot.test.mock.mockito.MockitoTestExecutionListener@618c990c, org.springframework.boot.test.autoconfigure.SpringBootDependencyInjectionTestExecutionListener@5be4a39a, org.springframework.test.context.support.DirtiesContextTestExecutionListener@17c7a10, org.springframework.test.context.transaction.TransactionalTestExecutionListener@17e9d7dc, org.springframework.test.context.jdbc.SqlScriptsTestExecutionListener@122878d4, org.springframework.security.test.context.support.WithSecurityContextTestExecutionListener@6caef178, org.springframework.test.context.event.EventPublishingTestExecutionListener@e60aa07, org.springframework.security.test.context.support.ReactorContextTestExecutionListener@57eecb20, org.springframework.boot.test.autoconfigure.restdocs.RestDocsTestExecutionListener@651e7d1, org.springframework.boot.test.autoconfigure.web.client.MockRestServiceServerResetTestExecutionListener@1d6fe352, org.springframework.boot.test.autoconfigure.web.servlet.MockMvcPrintOnlyOnFailureTestExecutionListener@1654526a, org.springframework.boot.test.autoconfigure.web.servlet.WebDriverTestExecutionListener@37423c4b, org.springframework.boot.test.autoconfigure.webservices.client.MockWebServiceServerTestExecutionListener@3e243a1d, org.springframework.boot.test.mock.mockito.ResetMocksTestExecutionListener@5cb33bf8]

  .   ____          _            __ _ _
 /\\ / ___'_ __ _ _(_)_ __  __ _ \ \ \ \
( ( )\___ | '_ | '_| | '_ \/ _` | \ \ \ \
 \\/  ___)| |_)| | | | | || (_| |  ) ) ) )
  '  |____| .__|_| |_|_| |_\__, | / / / /
 =========|_|==============|___/=/_/_/_/
 :: Spring Boot ::                (v2.4.1)

2021-05-07 15:44:32.337  INFO 18004 --- [    Test worker] c.e.w.s.web.IndexControllerTest          : Starting IndexControllerTest using Java 11.0.10 on DESKTOP-I28VA42 with PID 18004 (started by SangWon in C:\Users\SangWon\Desktop\folders\team-project\bit-springboot2-webservice)
2021-05-07 15:44:32.337  INFO 18004 --- [    Test worker] c.e.w.s.web.IndexControllerTest          : No active profile set, falling back to default profiles: default
2021-05-07 15:44:32.606  INFO 18004 --- [    Test worker] .s.d.r.c.RepositoryConfigurationDelegate : Bootstrapping Spring Data JPA repositories in DEFAULT mode.
2021-05-07 15:44:32.632  INFO 18004 --- [    Test worker] .s.d.r.c.RepositoryConfigurationDelegate : Finished Spring Data repository scanning in 25 ms. Found 2 JPA repository interfaces.
2021-05-07 15:44:33.014  INFO 18004 --- [    Test worker] o.s.b.w.embedded.tomcat.TomcatWebServer  : Tomcat initialized with port(s): 0 (http)
2021-05-07 15:44:33.028  INFO 18004 --- [    Test worker] o.apache.catalina.core.StandardService   : Starting service [Tomcat]
2021-05-07 15:44:33.028  INFO 18004 --- [    Test worker] org.apache.catalina.core.StandardEngine  : Starting Servlet engine: [Apache Tomcat/9.0.41]
2021-05-07 15:44:33.203  INFO 18004 --- [    Test worker] o.a.c.c.C.[Tomcat].[localhost].[/]       : Initializing Spring embedded WebApplicationContext
2021-05-07 15:44:33.203  INFO 18004 --- [    Test worker] w.s.c.ServletWebServerApplicationContext : Root WebApplicationContext: initialization completed in 860 ms
2021-05-07 15:44:33.251  INFO 18004 --- [    Test worker] com.zaxxer.hikari.HikariDataSource       : HikariPool-2 - Starting...
2021-05-07 15:44:33.253  INFO 18004 --- [    Test worker] com.zaxxer.hikari.HikariDataSource       : HikariPool-2 - Start completed.
2021-05-07 15:44:33.253  INFO 18004 --- [    Test worker] o.s.b.a.h2.H2ConsoleAutoConfiguration    : H2 console available at '/h2-console'. Database available at 'jdbc:h2:mem:testdb'
2021-05-07 15:44:33.398  INFO 18004 --- [    Test worker] o.hibernate.jpa.internal.util.LogHelper  : HHH000204: Processing PersistenceUnitInfo [name: default]
2021-05-07 15:44:33.411  INFO 18004 --- [    Test worker] org.hibernate.dialect.Dialect            : HHH000400: Using dialect: org.hibernate.dialect.MySQL57Dialect
Hibernate: drop table if exists posts
Hibernate: drop table if exists user
Hibernate: create table posts (id bigint not null auto_increment, created_date datetime(6), modified_date datetime(6), author varchar(255), content TEXT not null, title varchar(500) not null, primary key (id)) engine=InnoDB
Hibernate: create table user (id bigint not null auto_increment, created_date datetime(6), modified_date datetime(6), email varchar(255) not null, name varchar(255) not null, picture varchar(255), role varchar(255) not null, primary key (id)) engine=InnoDB
2021-05-07 15:44:33.475  INFO 18004 --- [    Test worker] o.h.e.t.j.p.i.JtaPlatformInitiator       : HHH000490: Using JtaPlatform implementation: [org.hibernate.engine.transaction.jta.platform.internal.NoJtaPlatform]
2021-05-07 15:44:33.475  INFO 18004 --- [    Test worker] j.LocalContainerEntityManagerFactoryBean : Initialized JPA EntityManagerFactory for persistence unit 'default'
2021-05-07 15:44:33.722  WARN 18004 --- [    Test worker] JpaBaseConfiguration$JpaWebConfiguration : spring.jpa.open-in-view is enabled by default. Therefore, database queries may be performed during view rendering. Explicitly configure spring.jpa.open-in-view to disable this warning
2021-05-07 15:44:33.942  INFO 18004 --- [    Test worker] o.s.s.web.DefaultSecurityFilterChain     : Will secure any request with [org.springframework.security.web.context.request.async.WebAsyncManagerIntegrationFilter@3a473ae2, org.springframework.security.web.context.SecurityContextPersistenceFilter@3c206ea7, org.springframework.security.web.header.HeaderWriterFilter@5cf5f9e9, org.springframework.security.web.authentication.logout.LogoutFilter@678229e8, org.springframework.security.oauth2.client.web.OAuth2AuthorizationRequestRedirectFilter@14fa986a, org.springframework.security.oauth2.client.web.OAuth2LoginAuthenticationFilter@429726a7, org.springframework.security.web.authentication.ui.DefaultLoginPageGeneratingFilter@3799a5f, org.springframework.security.web.authentication.ui.DefaultLogoutPageGeneratingFilter@14e22f21, org.springframework.security.web.savedrequest.RequestCacheAwareFilter@59204d56, org.springframework.security.web.servletapi.SecurityContextHolderAwareRequestFilter@2ae9dd2a, org.springframework.security.web.authentication.AnonymousAuthenticationFilter@549bdc1f, org.springframework.security.web.session.SessionManagementFilter@3623e353, org.springframework.security.web.access.ExceptionTranslationFilter@26e861b4, org.springframework.security.web.access.intercept.FilterSecurityInterceptor@16c71982]
2021-05-07 15:44:34.091  INFO 18004 --- [    Test worker] o.s.s.concurrent.ThreadPoolTaskExecutor  : Initializing ExecutorService 'applicationTaskExecutor'
2021-05-07 15:44:34.134  INFO 18004 --- [    Test worker] o.s.b.a.w.s.WelcomePageHandlerMapping    : Adding welcome page template: index
2021-05-07 15:44:34.373  INFO 18004 --- [    Test worker] o.s.b.w.embedded.tomcat.TomcatWebServer  : Tomcat started on port(s): 14937 (http) with context path ''
2021-05-07 15:44:34.377  INFO 18004 --- [    Test worker] s.a.ScheduledAnnotationBeanPostProcessor : No TaskScheduler/ScheduledExecutorService bean found for scheduled processing
2021-05-07 15:44:34.379  INFO 18004 --- [    Test worker] c.e.w.s.web.IndexControllerTest          : Started IndexControllerTest in 2.08 seconds (JVM running for 12.668)
2021-05-07 15:44:34.484  INFO 18004 --- [o-auto-1-exec-1] o.a.c.c.C.[Tomcat].[localhost].[/]       : Initializing Spring DispatcherServlet 'dispatcherServlet'
2021-05-07 15:44:34.485  INFO 18004 --- [o-auto-1-exec-1] o.s.web.servlet.DispatcherServlet        : Initializing Servlet 'dispatcherServlet'
2021-05-07 15:44:34.485  INFO 18004 --- [o-auto-1-exec-1] o.s.web.servlet.DispatcherServlet        : Completed initialization in 0 ms
Hibernate: select posts0_.id as id1_0_, posts0_.created_date as created_2_0_, posts0_.modified_date as modified3_0_, posts0_.author as author4_0_, posts0_.content as content5_0_, posts0_.title as title6_0_ from posts posts0_ order by posts0_.id DESC
]]></system-out>
  <system-err><![CDATA[]]></system-err>
</testsuite>
