<?xml version="1.0" encoding="UTF-8"?>
<testsuite name="com.example.web.springboot.domain.posts.PostsRepositoryTest" tests="2" skipped="0" failures="0" errors="0" timestamp="2021-05-07T06:44:31" hostname="DESKTOP-I28VA42" time="0.357">
  <properties/>
  <testcase name="insertNreadArticle()" classname="com.example.web.springboot.domain.posts.PostsRepositoryTest" time="0.337"/>
  <testcase name="registBaseTimeEntity()" classname="com.example.web.springboot.domain.posts.PostsRepositoryTest" time="0.019"/>
  <system-out><![CDATA[2021-05-07 15:44:27.284  INFO 18004 --- [    Test worker] .b.t.c.SpringBootTestContextBootstrapper : Neither @ContextConfiguration nor @ContextHierarchy found for test class [com.example.web.springboot.domain.posts.PostsRepositoryTest], using SpringBootContextLoader
2021-05-07 15:44:27.286  INFO 18004 --- [    Test worker] o.s.t.c.support.AbstractContextLoader    : Could not detect default resource locations for test class [com.example.web.springboot.domain.posts.PostsRepositoryTest]: no resource found for suffixes {-context.xml, Context.groovy}.
2021-05-07 15:44:27.286  INFO 18004 --- [    Test worker] t.c.s.AnnotationConfigContextLoaderUtils : Could not detect default configuration classes for test class [com.example.web.springboot.domain.posts.PostsRepositoryTest]: PostsRepositoryTest does not declare any static, non-private, non-final, nested classes annotated with @Configuration.
2021-05-07 15:44:27.300  INFO 18004 --- [    Test worker] .b.t.c.SpringBootTestContextBootstrapper : Found @SpringBootConfiguration com.example.web.springboot.Application for test class com.example.web.springboot.domain.posts.PostsRepositoryTest
2021-05-07 15:44:27.304  INFO 18004 --- [    Test worker] .b.t.c.SpringBootTestContextBootstrapper : Loaded default TestExecutionListener class names from location [META-INF/spring.factories]: [org.springframework.security.test.context.support.WithSecurityContextTestExecutionListener, org.springframework.security.test.context.support.ReactorContextTestExecutionListener, org.springframework.boot.test.autoconfigure.restdocs.RestDocsTestExecutionListener, org.springframework.boot.test.autoconfigure.web.client.MockRestServiceServerResetTestExecutionListener, org.springframework.boot.test.autoconfigure.web.servlet.MockMvcPrintOnlyOnFailureTestExecutionListener, org.springframework.boot.test.autoconfigure.web.servlet.WebDriverTestExecutionListener, org.springframework.boot.test.autoconfigure.webservices.client.MockWebServiceServerTestExecutionListener, org.springframework.boot.test.mock.mockito.MockitoTestExecutionListener, org.springframework.boot.test.mock.mockito.ResetMocksTestExecutionListener, org.springframework.test.context.web.ServletTestExecutionListener, org.springframework.test.context.support.DirtiesContextBeforeModesTestExecutionListener, org.springframework.test.context.support.DependencyInjectionTestExecutionListener, org.springframework.test.context.support.DirtiesContextTestExecutionListener, org.springframework.test.context.transaction.TransactionalTestExecutionListener, org.springframework.test.context.jdbc.SqlScriptsTestExecutionListener, org.springframework.test.context.event.EventPublishingTestExecutionListener]
2021-05-07 15:44:27.305  INFO 18004 --- [    Test worker] .b.t.c.SpringBootTestContextBootstrapper : Using TestExecutionListeners: [org.springframework.test.context.web.ServletTestExecutionListener@144d73ea, org.springframework.test.context.support.DirtiesContextBeforeModesTestExecutionListener@6cc47c27, org.springframework.boot.test.mock.mockito.MockitoTestExecutionListener@589328ad, org.springframework.boot.test.autoconfigure.SpringBootDependencyInjectionTestExecutionListener@7ff0c20, org.springframework.test.context.support.DirtiesContextTestExecutionListener@78d2ed16, org.springframework.test.context.transaction.TransactionalTestExecutionListener@3738836f, org.springframework.test.context.jdbc.SqlScriptsTestExecutionListener@762f0365, org.springframework.security.test.context.support.WithSecurityContextTestExecutionListener@9ce9f8c, org.springframework.test.context.event.EventPublishingTestExecutionListener@669b79fe, org.springframework.security.test.context.support.ReactorContextTestExecutionListener@15cbbdb9, org.springframework.boot.test.autoconfigure.restdocs.RestDocsTestExecutionListener@1bf1b04e, org.springframework.boot.test.autoconfigure.web.client.MockRestServiceServerResetTestExecutionListener@66be6e43, org.springframework.boot.test.autoconfigure.web.servlet.MockMvcPrintOnlyOnFailureTestExecutionListener@5bd7afe3, org.springframework.boot.test.autoconfigure.web.servlet.WebDriverTestExecutionListener@1339e755, org.springframework.boot.test.autoconfigure.webservices.client.MockWebServiceServerTestExecutionListener@55c56bc, org.springframework.boot.test.mock.mockito.ResetMocksTestExecutionListener@1085ec22]

  .   ____          _            __ _ _
 /\\ / ___'_ __ _ _(_)_ __  __ _ \ \ \ \
( ( )\___ | '_ | '_| | '_ \/ _` | \ \ \ \
 \\/  ___)| |_)| | | | | || (_| |  ) ) ) )
  '  |____| .__|_| |_|_| |_\__, | / / / /
 =========|_|==============|___/=/_/_/_/
 :: Spring Boot ::                (v2.4.1)

2021-05-07 15:44:27.339  INFO 18004 --- [    Test worker] c.e.w.s.d.posts.PostsRepositoryTest      : Starting PostsRepositoryTest using Java 11.0.10 on DESKTOP-I28VA42 with PID 18004 (started by SangWon in C:\Users\SangWon\Desktop\folders\team-project\bit-springboot2-webservice)
2021-05-07 15:44:27.341  INFO 18004 --- [    Test worker] c.e.w.s.d.posts.PostsRepositoryTest      : No active profile set, falling back to default profiles: default
2021-05-07 15:44:27.824  INFO 18004 --- [    Test worker] .s.d.r.c.RepositoryConfigurationDelegate : Bootstrapping Spring Data JPA repositories in DEFAULT mode.
2021-05-07 15:44:27.914  INFO 18004 --- [    Test worker] .s.d.r.c.RepositoryConfigurationDelegate : Finished Spring Data repository scanning in 80 ms. Found 2 JPA repository interfaces.
2021-05-07 15:44:28.418  INFO 18004 --- [    Test worker] com.zaxxer.hikari.HikariDataSource       : HikariPool-1 - Starting...
2021-05-07 15:44:28.666  INFO 18004 --- [    Test worker] com.zaxxer.hikari.HikariDataSource       : HikariPool-1 - Start completed.
2021-05-07 15:44:28.776  INFO 18004 --- [    Test worker] o.hibernate.jpa.internal.util.LogHelper  : HHH000204: Processing PersistenceUnitInfo [name: default]
2021-05-07 15:44:28.862  INFO 18004 --- [    Test worker] org.hibernate.Version                    : HHH000412: Hibernate ORM core version 5.4.25.Final
2021-05-07 15:44:28.935  INFO 18004 --- [    Test worker] o.hibernate.annotations.common.Version   : HCANN000001: Hibernate Commons Annotations {5.1.2.Final}
2021-05-07 15:44:29.119  INFO 18004 --- [    Test worker] org.hibernate.dialect.Dialect            : HHH000400: Using dialect: org.hibernate.dialect.MySQL57Dialect
Hibernate: drop table if exists posts
Hibernate: drop table if exists user
Hibernate: create table posts (id bigint not null auto_increment, created_date datetime(6), modified_date datetime(6), author varchar(255), content TEXT not null, title varchar(500) not null, primary key (id)) engine=InnoDB
Hibernate: create table user (id bigint not null auto_increment, created_date datetime(6), modified_date datetime(6), email varchar(255) not null, name varchar(255) not null, picture varchar(255), role varchar(255) not null, primary key (id)) engine=InnoDB
2021-05-07 15:44:29.974  INFO 18004 --- [    Test worker] o.h.e.t.j.p.i.JtaPlatformInitiator       : HHH000490: Using JtaPlatform implementation: [org.hibernate.engine.transaction.jta.platform.internal.NoJtaPlatform]
2021-05-07 15:44:29.985  INFO 18004 --- [    Test worker] j.LocalContainerEntityManagerFactoryBean : Initialized JPA EntityManagerFactory for persistence unit 'default'
2021-05-07 15:44:30.524  WARN 18004 --- [    Test worker] JpaBaseConfiguration$JpaWebConfiguration : spring.jpa.open-in-view is enabled by default. Therefore, database queries may be performed during view rendering. Explicitly configure spring.jpa.open-in-view to disable this warning
2021-05-07 15:44:31.026  INFO 18004 --- [    Test worker] o.s.s.web.DefaultSecurityFilterChain     : Will secure any request with [org.springframework.security.web.context.request.async.WebAsyncManagerIntegrationFilter@77ea06f6, org.springframework.security.web.context.SecurityContextPersistenceFilter@eea9a07, org.springframework.security.web.header.HeaderWriterFilter@4b0d5468, org.springframework.security.web.authentication.logout.LogoutFilter@54d28e67, org.springframework.security.oauth2.client.web.OAuth2AuthorizationRequestRedirectFilter@3fe58116, org.springframework.security.oauth2.client.web.OAuth2LoginAuthenticationFilter@62e802e3, org.springframework.security.web.authentication.ui.DefaultLoginPageGeneratingFilter@51161aa8, org.springframework.security.web.authentication.ui.DefaultLogoutPageGeneratingFilter@20a7ea6e, org.springframework.security.web.savedrequest.RequestCacheAwareFilter@1219ac5a, org.springframework.security.web.servletapi.SecurityContextHolderAwareRequestFilter@33961465, org.springframework.security.web.authentication.AnonymousAuthenticationFilter@3359325d, org.springframework.security.web.session.SessionManagementFilter@60f04255, org.springframework.security.web.access.ExceptionTranslationFilter@742d1858, org.springframework.security.web.access.intercept.FilterSecurityInterceptor@79a000d]
2021-05-07 15:44:31.332  INFO 18004 --- [    Test worker] o.s.s.concurrent.ThreadPoolTaskExecutor  : Initializing ExecutorService 'applicationTaskExecutor'
2021-05-07 15:44:31.351  INFO 18004 --- [    Test worker] o.s.b.a.h2.H2ConsoleAutoConfiguration    : H2 console available at '/h2-console'. Database available at 'jdbc:h2:mem:testdb'
2021-05-07 15:44:31.390  INFO 18004 --- [    Test worker] o.s.b.a.w.s.WelcomePageHandlerMapping    : Adding welcome page template: index
2021-05-07 15:44:31.909  INFO 18004 --- [    Test worker] s.a.ScheduledAnnotationBeanPostProcessor : No TaskScheduler/ScheduledExecutorService bean found for scheduled processing
2021-05-07 15:44:31.918  INFO 18004 --- [    Test worker] c.e.w.s.d.posts.PostsRepositoryTest      : Started PostsRepositoryTest in 4.61 seconds (JVM running for 10.207)
Hibernate: insert into posts (created_date, modified_date, author, content, title) values (?, ?, ?, ?, ?)
Hibernate: select posts0_.id as id1_0_, posts0_.created_date as created_2_0_, posts0_.modified_date as modified3_0_, posts0_.author as author4_0_, posts0_.content as content5_0_, posts0_.title as title6_0_ from posts posts0_
Hibernate: select posts0_.id as id1_0_, posts0_.created_date as created_2_0_, posts0_.modified_date as modified3_0_, posts0_.author as author4_0_, posts0_.content as content5_0_, posts0_.title as title6_0_ from posts posts0_
Hibernate: delete from posts where id=?
Hibernate: insert into posts (created_date, modified_date, author, content, title) values (?, ?, ?, ?, ?)
Hibernate: select posts0_.id as id1_0_, posts0_.created_date as created_2_0_, posts0_.modified_date as modified3_0_, posts0_.author as author4_0_, posts0_.content as content5_0_, posts0_.title as title6_0_ from posts posts0_
>>>>>>>>> createDate=2021-05-07T15:44:32.267580, modifiedDate=2021-05-07T15:44:32.267580
Hibernate: select posts0_.id as id1_0_, posts0_.created_date as created_2_0_, posts0_.modified_date as modified3_0_, posts0_.author as author4_0_, posts0_.content as content5_0_, posts0_.title as title6_0_ from posts posts0_
Hibernate: delete from posts where id=?
]]></system-out>
  <system-err><![CDATA[]]></system-err>
</testsuite>
